<?xml version="1.0" encoding="UTF-8"?>
<testsuite name="com.example.gesturecontrol.logic.CommandDispatcherTest" tests="1" skipped="0" failures="0" errors="0" timestamp="2026-01-21T15:57:47" hostname="hemang-ROG-Strix-G713PI-G713PI" time="0.579">
  <properties/>
  <testcase name="testOnGestureRecognized_OpenPalm_PausesMedia" classname="com.example.gesturecontrol.logic.CommandDispatcherTest" time="0.579"/>
  <system-out><![CDATA[]]></system-out>
  <system-err><![CDATA[]]></system-err>
</testsuite>
